<?xml version="1.0" encoding="utf-8"?><testsuites name="pytest tests"><testsuite name="pytest" errors="0" failures="0" skipped="0" tests="37" time="3.949" timestamp="2026-07-26T17:09:59.801297+00:00" hostname="agent-env-27e5555d-7af2-4a83-810b-1c3657681fd4"><testcase classname="tests.backend_test.TestAuthGuards" name="test_requires_auth[get-/api/customers]" time="0.749" /><testcase classname="tests.backend_test.TestLedger" name="test_add_charge_computes_amount" time="0.685" /><testcase classname="tests.backend_test.TestLedger" name="test_add_payment" time="0.068" /><testcase classname="tests.backend_test.TestAuthGuards" name="test_requires_auth[post-/api/customers]" time="0.129" /><testcase classname="tests.backend_test.TestLedger" name="test_totals_recompute" time="0.069" /><testcase classname="tests.backend_test.TestLedger" name="test_charge_validation" time="0.271" /><testcase classname="tests.backend_test.TestAuthGuards" name="test_requires_auth[get-/api/customers/abc]" time="0.102" /><testcase classname="tests.backend_test.TestAuthGuards" name="test_requires_auth[patch-/api/customers/abc]" time="0.153" /><testcase classname="tests.backend_test.TestLedger" name="test_payment_validation" time="0.139" /><testcase classname="tests.backend_test.TestAuthGuards" name="test_requires_auth[delete-/api/customers/abc]" time="0.105" /><testcase classname="tests.backend_test.TestLedger" name="test_charge_on_missing_customer" time="0.069" /><testcase classname="tests.backend_test.TestAuthGuards" name="test_requires_auth[post-/api/customers/abc/charges]" time="0.133" /><testcase classname="tests.backend_test.TestLedger" name="test_update_entry_recomputes" time="0.279" /><testcase classname="tests.backend_test.TestAuthGuards" name="test_requires_auth[post-/api/customers/abc/payments]" time="0.121" /><testcase classname="tests.backend_test.TestAuthGuards" name="test_requires_auth[patch-/api/entries/abc]" time="0.147" /><testcase classname="tests.backend_test.TestLedger" name="test_delete_entry" time="0.286" /><testcase classname="tests.backend_test.TestAuthGuards" name="test_requires_auth[delete-/api/entries/abc]" time="0.139" /><testcase classname="tests.backend_test.TestAuthGuards" name="test_requires_auth[get-/api/dashboard/stats]" time="0.097" /><testcase classname="tests.backend_test.TestLedger" name="test_delete_missing_entry" time="0.080" /><testcase classname="tests.backend_test.TestCustomers" name="test_create_and_get" time="0.100" /><testcase classname="tests.backend_test.TestAuth" name="test_login_success" time="0.332" /><testcase classname="tests.backend_test.TestCustomers" name="test_list_contains_created" time="0.241" /><testcase classname="tests.backend_test.TestCustomers" name="test_create_empty_name_rejected" time="0.092" /><testcase classname="tests.backend_test.TestAuth" name="test_login_wrong_password" time="0.294" /><testcase classname="tests.backend_test.TestCustomers" name="test_update_persists" time="0.293" /><testcase classname="tests.backend_test.TestAuth" name="test_login_unknown_email" time="0.109" /><testcase classname="tests.backend_test.TestCustomers" name="test_get_nonexistent" time="0.054" /><testcase classname="tests.backend_test.TestCascadeDelete" name="test_delete_customer_removes_entries" time="0.249" /><testcase classname="tests.backend_test.TestAuth" name="test_login_invalid_email_format" time="0.109" /><testcase classname="tests.backend_test.TestAuth" name="test_me" time="0.109" /><testcase classname="tests.backend_test.TestAuth" name="test_me_no_token" time="0.140" /><testcase classname="tests.backend_test.TestCascadeDelete" name="test_delete_missing_customer" time="0.051" /><testcase classname="tests.backend_test.TestHealth" name="test_root" time="0.050" /><testcase classname="tests.backend_test.TestDashboard" name="test_stats" time="0.151" /><testcase classname="tests.backend_test.TestAuth" name="test_me_bad_token" time="0.122" /><testcase classname="tests.backend_test.TestIsolation" name="test_foreign_owner_token_cannot_read" time="0.247" /><testcase classname="tests.backend_test.TestAuth" name="test_logout" time="0.212" /></testsuite></testsuites>